<?xml version="1.0" encoding="UTF-8" ?>
<testsuite tests="17" failures="0" name="step_definitions.RunCukesTest" time="1.804" errors="0" skipped="0">
  <properties>
[...]
</properties>
  <testcase classname="Scenario: User Make A Purchase" name="Given User open the website sauce demo" time="0.005"/>
  <testcase classname="Scenario: User Make A Purchase" name="When User input &quot;standard_user&quot; as userName and input &quot;secret_sauce&quot; as password" time="0"/>
  <testcase classname="Scenario: User Make A Purchase" name="Then User already on landing page" time="0.001"/>
  <testcase classname="Scenario: User Make A Purchase" name="And User sort product by &quot;Name (Z to A)&quot;" time="0"/>
  <testcase classname="Scenario: User Make A Purchase" name="And User pick item Sauce Labs Onesie" time="0"/>
  <testcase classname="Scenario: User Make A Purchase" name="And User pick item Test.allTheThings() T-Shirt (Red)" time="0.001"/>
  <testcase classname="Scenario: User Make A Purchase" name="Then User click Chart icon" time="0"/>
  <testcase classname="Scenario: User Make A Purchase" name="Then User verify that products in Chart Page" time="0"/>
  <testcase classname="Scenario: User Make A Purchase" name="Then User remove item Test.allTheThings() T-Shirt (Red)" time="0"/>
  <testcase classname="Scenario: User Make A Purchase" name="And User click CHECKOUT button" time="0"/>
  <testcase classname="Scenario: User Make A Purchase" name="Then User already on CHECKOUT: YOUR INFORMATION page" time="0"/>
  <testcase classname="Scenario: User Make A Purchase" name="Then User input &quot;TAUFIK&quot; as firstName, &quot;HM&quot; as lastName and &quot;15146&quot; as postalCode" time="0"/>
  <testcase classname="Scenario: User Make A Purchase" name="Then User click continue" time="0"/>
  <testcase classname="Scenario: User Make A Purchase" name="And User already on CHECKOUT: OVERVIEW page" time="0"/>
  <testcase classname="Scenario: User Make A Purchase" name="Then User click FINISH button" time="0"/>
  <testcase classname="Scenario: User Make A Purchase" name="And CHECKOUT COMPLETE! and showing &quot;THANK YOU FOR YOUR ORDER&quot; text" time="0"/>
  <testcase classname="Scenario: User Make A Purchase" name="Scenario: User Make A Purchase" time="1.797"/>
</testsuite>